c:\users\ekin\desktop\3d graphics programming\firstexample_demo\firstexample\debug\vc141.pdb
c:\users\ekin\desktop\3d graphics programming\firstexample_demo\firstexample\debug\vc141.idb
c:\users\ekin\desktop\3d graphics programming\firstexample_demo\firstexample\debug\triangles.obj
c:\users\ekin\desktop\3d graphics programming\firstexample_demo\firstexample\debug\loadshaders.obj
c:\users\ekin\desktop\3d graphics programming\firstexample_demo\firstexample\debug\ke-101116005-assignment1.obj
c:\users\ekin\desktop\3d graphics programming\assignment 2\firstexample\debug\vc141.pdb
c:\users\ekin\desktop\3d graphics programming\assignment 2\firstexample\debug\vc141.idb
c:\users\ekin\desktop\3d graphics programming\assignment 2\firstexample\debug\ke-101116005-assignment1.obj
c:\users\ekin\desktop\3d graphics programming\assignment 2\firstexample\debug\loadshaders.obj
c:\users\ekin\desktop\3d graphics programming\assignment 2\firstexample\debug\ke-101116005-assignment2.obj
c:\users\ekin\desktop\3d graphics programming\assignment 3\firstexample\debug\vc141.pdb
c:\users\ekin\desktop\3d graphics programming\assignment 3\firstexample\debug\vc141.idb
c:\users\ekin\desktop\3d graphics programming\assignment 3\firstexample\debug\ke-101116005-assignment3.obj
c:\users\ekin\desktop\3d graphics programming\assignment 3\firstexample\debug\loadshaders.obj
c:\users\ekin\desktop\3d graphics programming\firstexample_demo\debug\firstexample.exe
c:\users\ekin\desktop\3d graphics programming\firstexample_demo\debug\firstexample.ilk
c:\users\ekin\desktop\3d graphics programming\firstexample_demo\debug\firstexample.pdb
c:\users\ekin\desktop\3d graphics programming\assignment 2\debug\firstexample.exe
c:\users\ekin\desktop\3d graphics programming\assignment 2\debug\firstexample.ilk
c:\users\ekin\desktop\3d graphics programming\assignment 2\debug\firstexample.pdb
c:\users\ekin\desktop\3d graphics programming\assignment 3\debug\firstexample.ilk
c:\users\ekin\desktop\3d graphics programming\assignment 3\debug\firstexample.exe
c:\users\ekin\desktop\3d graphics programming\assignment 3\debug\firstexample.pdb
c:\users\ekin\desktop\3d graphics programming\assignment 3\firstexample\debug\ke-101116005-assignment1.obj
c:\users\ekin\desktop\3d graphics programming\assignment 3\firstexample\debug\ke-101116005-assignment2.obj
c:\users\ekin\desktop\3d graphics programming\assignment 3\firstexample\debug\triangles.obj
c:\users\ekin\desktop\3d graphics programming\assignment 3\firstexample\debug\vc140.idb
c:\users\ekin\desktop\3d graphics programming\assignment 3\firstexample\debug\vc140.pdb
c:\users\ekin\desktop\3d graphics programming\assignment 3\firstexample\debug\firstexample.tlog\cl.command.1.tlog
c:\users\ekin\desktop\3d graphics programming\assignment 3\firstexample\debug\firstexample.tlog\cl.read.1.tlog
c:\users\ekin\desktop\3d graphics programming\assignment 3\firstexample\debug\firstexample.tlog\cl.write.1.tlog
c:\users\ekin\desktop\3d graphics programming\assignment 3\firstexample\debug\firstexample.tlog\link.command.1.tlog
c:\users\ekin\desktop\3d graphics programming\assignment 3\firstexample\debug\firstexample.tlog\link.delete.1.tlog
c:\users\ekin\desktop\3d graphics programming\assignment 3\firstexample\debug\firstexample.tlog\link.read.1.tlog
c:\users\ekin\desktop\3d graphics programming\assignment 3\firstexample\debug\firstexample.tlog\link.write.1.tlog
